2015/01/06 11:43:20 [error] [exception.CHttpException.404] exception 'CHttpException' with message 'The system is unable to find the requested action "index.php".' in D:\wamp\www\diary\framework\web\CController.php:483
Stack trace:
#0 D:\wamp\www\diary\framework\web\CController.php(270): CController->missingAction('index.php')
#1 D:\wamp\www\diary\framework\web\CWebApplication.php(282): CController->run('index.php')
#2 D:\wamp\www\diary\framework\web\CWebApplication.php(141): CWebApplication->runController('site/index.php')
#3 D:\wamp\www\diary\framework\base\CApplication.php(184): CWebApplication->processRequest()
#4 D:\wamp\www\diary\index.php(13): CApplication->run()
#5 {main}
REQUEST_URI=/diary/index.php/site/index.php
---
2015/01/06 11:43:38 [error] [exception.CHttpException.404] exception 'CHttpException' with message 'Unable to resolve the request "admin/index".' in D:\wamp\www\diary\framework\web\CWebApplication.php:286
Stack trace:
#0 D:\wamp\www\diary\framework\web\CWebApplication.php(141): CWebApplication->runController('admin/index')
#1 D:\wamp\www\diary\framework\base\CApplication.php(184): CWebApplication->processRequest()
#2 D:\wamp\www\diary\index.php(13): CApplication->run()
#3 {main}
REQUEST_URI=/diary/index.php/admin/index
---
2015/01/07 08:49:17 [error] [php] Trying to get property of non-object (D:\wamp\www\online_diary\branches\dev\protected\views\layouts\home.php:18)
Stack trace:
#0 D:\wamp\www\online_diary\branches\dev\framework\web\CController.php(784): DefaultController->renderFile()
#1 D:\wamp\www\online_diary\branches\dev\protected\modules\site\controllers\DefaultController.php(8): DefaultController->render()
#2 D:\wamp\www\online_diary\branches\dev\framework\web\actions\CInlineAction.php(49): DefaultController->actionIndex()
#3 D:\wamp\www\online_diary\branches\dev\framework\web\CController.php(308): CInlineAction->runWithParams()
#4 D:\wamp\www\online_diary\branches\dev\framework\web\CController.php(286): DefaultController->runAction()
#5 D:\wamp\www\online_diary\branches\dev\framework\web\CController.php(265): DefaultController->runActionWithFilters()
#6 D:\wamp\www\online_diary\branches\dev\framework\web\CWebApplication.php(282): DefaultController->run()
#7 D:\wamp\www\online_diary\branches\dev\framework\web\CWebApplication.php(141): CWebApplication->runController()
#8 D:\wamp\www\online_diary\branches\dev\framework\base\CApplication.php(184): CWebApplication->processRequest()
#9 D:\wamp\www\online_diary\branches\dev\index.php(13): CWebApplication->run()
REQUEST_URI=/online_diary/branches/dev/
in D:\wamp\www\online_diary\branches\dev\protected\views\layouts\home.php (18)
in D:\wamp\www\online_diary\branches\dev\protected\modules\site\controllers\DefaultController.php (8)
in D:\wamp\www\online_diary\branches\dev\index.php (13)
2015/01/07 08:50:35 [error] [php] Trying to get property of non-object (D:\wamp\www\online_diary\branches\dev\protected\views\layouts\home.php:18)
Stack trace:
#0 D:\wamp\www\online_diary\branches\dev\framework\web\CController.php(784): DefaultController->renderFile()
#1 D:\wamp\www\online_diary\branches\dev\protected\modules\site\controllers\DefaultController.php(8): DefaultController->render()
#2 D:\wamp\www\online_diary\branches\dev\framework\web\actions\CInlineAction.php(49): DefaultController->actionIndex()
#3 D:\wamp\www\online_diary\branches\dev\framework\web\CController.php(308): CInlineAction->runWithParams()
#4 D:\wamp\www\online_diary\branches\dev\framework\web\CController.php(286): DefaultController->runAction()
#5 D:\wamp\www\online_diary\branches\dev\framework\web\CController.php(265): DefaultController->runActionWithFilters()
#6 D:\wamp\www\online_diary\branches\dev\framework\web\CWebApplication.php(282): DefaultController->run()
#7 D:\wamp\www\online_diary\branches\dev\framework\web\CWebApplication.php(141): CWebApplication->runController()
#8 D:\wamp\www\online_diary\branches\dev\framework\base\CApplication.php(184): CWebApplication->processRequest()
#9 D:\wamp\www\online_diary\branches\dev\index.php(13): CWebApplication->run()
REQUEST_URI=/online_diary/branches/dev/
in D:\wamp\www\online_diary\branches\dev\protected\views\layouts\home.php (18)
in D:\wamp\www\online_diary\branches\dev\protected\modules\site\controllers\DefaultController.php (8)
in D:\wamp\www\online_diary\branches\dev\index.php (13)
2015/01/07 08:51:47 [error] [php] Trying to get property of non-object (D:\wamp\www\online_diary\branches\dev\protected\views\layouts\home.php:18)
Stack trace:
#0 D:\wamp\www\online_diary\branches\dev\framework\web\CController.php(784): DefaultController->renderFile()
#1 D:\wamp\www\online_diary\branches\dev\protected\modules\site\controllers\DefaultController.php(8): DefaultController->render()
#2 D:\wamp\www\online_diary\branches\dev\framework\web\actions\CInlineAction.php(49): DefaultController->actionIndex()
#3 D:\wamp\www\online_diary\branches\dev\framework\web\CController.php(308): CInlineAction->runWithParams()
#4 D:\wamp\www\online_diary\branches\dev\framework\web\CController.php(286): DefaultController->runAction()
#5 D:\wamp\www\online_diary\branches\dev\framework\web\CController.php(265): DefaultController->runActionWithFilters()
#6 D:\wamp\www\online_diary\branches\dev\framework\web\CWebApplication.php(282): DefaultController->run()
#7 D:\wamp\www\online_diary\branches\dev\framework\web\CWebApplication.php(141): CWebApplication->runController()
#8 D:\wamp\www\online_diary\branches\dev\framework\base\CApplication.php(184): CWebApplication->processRequest()
#9 D:\wamp\www\online_diary\branches\dev\index.php(13): CWebApplication->run()
REQUEST_URI=/online_diary/branches/dev/
in D:\wamp\www\online_diary\branches\dev\protected\views\layouts\home.php (18)
in D:\wamp\www\online_diary\branches\dev\protected\modules\site\controllers\DefaultController.php (8)
in D:\wamp\www\online_diary\branches\dev\index.php (13)
2015/01/07 08:54:44 [error] [php] Trying to get property of non-object (D:\wamp\www\online_diary\branches\dev\protected\views\layouts\home.php:18)
Stack trace:
#0 D:\wamp\www\online_diary\branches\dev\framework\web\CController.php(784): DefaultController->renderFile()
#1 D:\wamp\www\online_diary\branches\dev\protected\modules\site\controllers\DefaultController.php(8): DefaultController->render()
#2 D:\wamp\www\online_diary\branches\dev\framework\web\actions\CInlineAction.php(49): DefaultController->actionIndex()
#3 D:\wamp\www\online_diary\branches\dev\framework\web\CController.php(308): CInlineAction->runWithParams()
#4 D:\wamp\www\online_diary\branches\dev\framework\web\CController.php(286): DefaultController->runAction()
#5 D:\wamp\www\online_diary\branches\dev\framework\web\CController.php(265): DefaultController->runActionWithFilters()
#6 D:\wamp\www\online_diary\branches\dev\framework\web\CWebApplication.php(282): DefaultController->run()
#7 D:\wamp\www\online_diary\branches\dev\framework\web\CWebApplication.php(141): CWebApplication->runController()
#8 D:\wamp\www\online_diary\branches\dev\framework\base\CApplication.php(184): CWebApplication->processRequest()
#9 D:\wamp\www\online_diary\branches\dev\index.php(13): CWebApplication->run()
REQUEST_URI=/online_diary/branches/dev/
in D:\wamp\www\online_diary\branches\dev\protected\views\layouts\home.php (18)
in D:\wamp\www\online_diary\branches\dev\protected\modules\site\controllers\DefaultController.php (8)
in D:\wamp\www\online_diary\branches\dev\index.php (13)
2015/01/07 08:54:46 [error] [php] Trying to get property of non-object (D:\wamp\www\online_diary\branches\dev\protected\views\layouts\home.php:18)
Stack trace:
#0 D:\wamp\www\online_diary\branches\dev\framework\web\CController.php(784): DefaultController->renderFile()
#1 D:\wamp\www\online_diary\branches\dev\protected\modules\site\controllers\DefaultController.php(8): DefaultController->render()
#2 D:\wamp\www\online_diary\branches\dev\framework\web\actions\CInlineAction.php(49): DefaultController->actionIndex()
#3 D:\wamp\www\online_diary\branches\dev\framework\web\CController.php(308): CInlineAction->runWithParams()
#4 D:\wamp\www\online_diary\branches\dev\framework\web\CController.php(286): DefaultController->runAction()
#5 D:\wamp\www\online_diary\branches\dev\framework\web\CController.php(265): DefaultController->runActionWithFilters()
#6 D:\wamp\www\online_diary\branches\dev\framework\web\CWebApplication.php(282): DefaultController->run()
#7 D:\wamp\www\online_diary\branches\dev\framework\web\CWebApplication.php(141): CWebApplication->runController()
#8 D:\wamp\www\online_diary\branches\dev\framework\base\CApplication.php(184): CWebApplication->processRequest()
#9 D:\wamp\www\online_diary\branches\dev\index.php(13): CWebApplication->run()
REQUEST_URI=/online_diary/branches/dev/
in D:\wamp\www\online_diary\branches\dev\protected\views\layouts\home.php (18)
in D:\wamp\www\online_diary\branches\dev\protected\modules\site\controllers\DefaultController.php (8)
in D:\wamp\www\online_diary\branches\dev\index.php (13)
2015/01/07 08:56:39 [error] [php] Trying to get property of non-object (D:\wamp\www\online_diary\branches\dev\protected\views\layouts\home.php:18)
Stack trace:
#0 D:\wamp\www\online_diary\branches\dev\framework\web\CController.php(784): DefaultController->renderFile()
#1 D:\wamp\www\online_diary\branches\dev\protected\modules\site\controllers\DefaultController.php(8): DefaultController->render()
#2 D:\wamp\www\online_diary\branches\dev\framework\web\actions\CInlineAction.php(49): DefaultController->actionIndex()
#3 D:\wamp\www\online_diary\branches\dev\framework\web\CController.php(308): CInlineAction->runWithParams()
#4 D:\wamp\www\online_diary\branches\dev\framework\web\CController.php(286): DefaultController->runAction()
#5 D:\wamp\www\online_diary\branches\dev\framework\web\CController.php(265): DefaultController->runActionWithFilters()
#6 D:\wamp\www\online_diary\branches\dev\framework\web\CWebApplication.php(282): DefaultController->run()
#7 D:\wamp\www\online_diary\branches\dev\framework\web\CWebApplication.php(141): CWebApplication->runController()
#8 D:\wamp\www\online_diary\branches\dev\framework\base\CApplication.php(184): CWebApplication->processRequest()
#9 D:\wamp\www\online_diary\branches\dev\index.php(13): CWebApplication->run()
REQUEST_URI=/online_diary/branches/dev/
in D:\wamp\www\online_diary\branches\dev\protected\views\layouts\home.php (18)
in D:\wamp\www\online_diary\branches\dev\protected\modules\site\controllers\DefaultController.php (8)
in D:\wamp\www\online_diary\branches\dev\index.php (13)
2015/01/07 08:56:41 [error] [php] Trying to get property of non-object (D:\wamp\www\online_diary\branches\dev\protected\views\layouts\home.php:18)
Stack trace:
#0 D:\wamp\www\online_diary\branches\dev\framework\web\CController.php(784): DefaultController->renderFile()
#1 D:\wamp\www\online_diary\branches\dev\protected\modules\site\controllers\DefaultController.php(8): DefaultController->render()
#2 D:\wamp\www\online_diary\branches\dev\framework\web\actions\CInlineAction.php(49): DefaultController->actionIndex()
#3 D:\wamp\www\online_diary\branches\dev\framework\web\CController.php(308): CInlineAction->runWithParams()
#4 D:\wamp\www\online_diary\branches\dev\framework\web\CController.php(286): DefaultController->runAction()
#5 D:\wamp\www\online_diary\branches\dev\framework\web\CController.php(265): DefaultController->runActionWithFilters()
#6 D:\wamp\www\online_diary\branches\dev\framework\web\CWebApplication.php(282): DefaultController->run()
#7 D:\wamp\www\online_diary\branches\dev\framework\web\CWebApplication.php(141): CWebApplication->runController()
#8 D:\wamp\www\online_diary\branches\dev\framework\base\CApplication.php(184): CWebApplication->processRequest()
#9 D:\wamp\www\online_diary\branches\dev\index.php(13): CWebApplication->run()
REQUEST_URI=/online_diary/branches/dev/
in D:\wamp\www\online_diary\branches\dev\protected\views\layouts\home.php (18)
in D:\wamp\www\online_diary\branches\dev\protected\modules\site\controllers\DefaultController.php (8)
in D:\wamp\www\online_diary\branches\dev\index.php (13)
2015/01/07 08:56:41 [error] [php] Trying to get property of non-object (D:\wamp\www\online_diary\branches\dev\protected\views\layouts\home.php:18)
Stack trace:
#0 D:\wamp\www\online_diary\branches\dev\framework\web\CController.php(784): DefaultController->renderFile()
#1 D:\wamp\www\online_diary\branches\dev\protected\modules\site\controllers\DefaultController.php(8): DefaultController->render()
#2 D:\wamp\www\online_diary\branches\dev\framework\web\actions\CInlineAction.php(49): DefaultController->actionIndex()
#3 D:\wamp\www\online_diary\branches\dev\framework\web\CController.php(308): CInlineAction->runWithParams()
#4 D:\wamp\www\online_diary\branches\dev\framework\web\CController.php(286): DefaultController->runAction()
#5 D:\wamp\www\online_diary\branches\dev\framework\web\CController.php(265): DefaultController->runActionWithFilters()
#6 D:\wamp\www\online_diary\branches\dev\framework\web\CWebApplication.php(282): DefaultController->run()
#7 D:\wamp\www\online_diary\branches\dev\framework\web\CWebApplication.php(141): CWebApplication->runController()
#8 D:\wamp\www\online_diary\branches\dev\framework\base\CApplication.php(184): CWebApplication->processRequest()
#9 D:\wamp\www\online_diary\branches\dev\index.php(13): CWebApplication->run()
REQUEST_URI=/online_diary/branches/dev/
in D:\wamp\www\online_diary\branches\dev\protected\views\layouts\home.php (18)
in D:\wamp\www\online_diary\branches\dev\protected\modules\site\controllers\DefaultController.php (8)
in D:\wamp\www\online_diary\branches\dev\index.php (13)
